************* Module config
.vscode\.ropeproject\config.py:config:1: [C0111(missing-docstring), ] Missing module docstring
.vscode\.ropeproject\config.py:config:112: [W0613(unused-argument), project_opened] Unused argument 'project'
************* Module test_random_module
test_random_module.py:test_random_module:9: [C0111(missing-docstring), TestSequenceFunctions] Missing class docstring
test_random_module.py:test_random_module:15: [W0201(attribute-defined-outside-init), TestSequenceFunctions.set_up] Attribute 'seq' defined outside __init__
************* Module tictactoe
tictactoe.py:tictactoe:33: [W0512(invalid-encoded-data), ] Cannot decode using encoding "ascii", unexpected byte at position 11
tictactoe.py:tictactoe:34: [W0512(invalid-encoded-data), ] Cannot decode using encoding "ascii", unexpected byte at position 11
tictactoe.py:tictactoe:35: [W0512(invalid-encoded-data), ] Cannot decode using encoding "ascii", unexpected byte at position 43
tictactoe.py:tictactoe:36: [W0512(invalid-encoded-data), ] Cannot decode using encoding "ascii", unexpected byte at position 43
tictactoe.py:tictactoe:37: [W0512(invalid-encoded-data), ] Cannot decode using encoding "ascii", unexpected byte at position 11
tictactoe.py:tictactoe:38: [W0512(invalid-encoded-data), ] Cannot decode using encoding "ascii", unexpected byte at position 11
tictactoe.py:tictactoe:39: [W0512(invalid-encoded-data), ] Cannot decode using encoding "ascii", unexpected byte at position 43
tictactoe.py:tictactoe:40: [W0512(invalid-encoded-data), ] Cannot decode using encoding "ascii", unexpected byte at position 43
tictactoe.py:tictactoe:41: [W0512(invalid-encoded-data), ] Cannot decode using encoding "ascii", unexpected byte at position 11
tictactoe.py:tictactoe:42: [W0512(invalid-encoded-data), ] Cannot decode using encoding "ascii", unexpected byte at position 11
tictactoe.py:tictactoe:43: [W0512(invalid-encoded-data), ] Cannot decode using encoding "ascii", unexpected byte at position 43
tictactoe.py:tictactoe:44: [W0512(invalid-encoded-data), ] Cannot decode using encoding "ascii", unexpected byte at position 43
tictactoe.py:tictactoe:45: [W0512(invalid-encoded-data), ] Cannot decode using encoding "ascii", unexpected byte at position 11
tictactoe.py:tictactoe:74: [W0311(bad-indentation), ] Bad indentation. Found 32 spaces, expected 28
tictactoe.py:tictactoe:8: [C0103(invalid-name), ] Constant name "playingGrid" doesn't conform to UPPER_CASE naming style
tictactoe.py:tictactoe:11: [C0103(invalid-name), numToText] Function name "numToText" doesn't conform to snake_case naming style
tictactoe.py:tictactoe:11: [C0111(missing-docstring), numToText] Missing function docstring
tictactoe.py:tictactoe:11: [R1710(inconsistent-return-statements), numToText] Either all return statements in a function should return an expression, or none of them should.
tictactoe.py:tictactoe:32: [C0103(invalid-name), printGrid] Function name "printGrid" doesn't conform to snake_case naming style
tictactoe.py:tictactoe:32: [C0111(missing-docstring), printGrid] Missing function docstring
tictactoe.py:tictactoe:48: [C0103(invalid-name), checkVictory] Function name "checkVictory" doesn't conform to snake_case naming style
tictactoe.py:tictactoe:48: [C0111(missing-docstring), checkVictory] Missing function docstring
tictactoe.py:tictactoe:81: [W0702(bare-except), checkVictory] No exception type(s) specified
tictactoe.py:tictactoe:62: [C0103(invalid-name), checkVictory] Variable name "boxToCheck" doesn't conform to snake_case naming style
tictactoe.py:tictactoe:63: [C0103(invalid-name), checkVictory] Variable name "charToCheckFor" doesn't conform to snake_case naming style
tictactoe.py:tictactoe:64: [C0103(invalid-name), checkVictory] Variable name "x" doesn't conform to snake_case naming style
tictactoe.py:tictactoe:51: [R1702(too-many-nested-blocks), checkVictory] Too many nested blocks (6/5)
tictactoe.py:tictactoe:86: [C0103(invalid-name), chooseComputerMove] Function name "chooseComputerMove" doesn't conform to snake_case naming style
tictactoe.py:tictactoe:86: [C0111(missing-docstring), chooseComputerMove] Missing function docstring
tictactoe.py:tictactoe:88: [C0103(invalid-name), chooseComputerMove] Variable name "emptyBoxes" doesn't conform to snake_case naming style
tictactoe.py:tictactoe:95: [C0103(invalid-name), chooseComputerMove] Variable name "emptyBoxes" doesn't conform to snake_case naming style
tictactoe.py:tictactoe:107: [C0103(invalid-name), ] Constant name "move" doesn't conform to UPPER_CASE naming style
tictactoe.py:tictactoe:123: [C0103(invalid-name), ] Constant name "victoryResult" doesn't conform to UPPER_CASE naming style
tictactoe.py:tictactoe:128: [C0103(invalid-name), ] Constant name "computerMove" doesn't conform to UPPER_CASE naming style
tictactoe.py:tictactoe:135: [C0103(invalid-name), ] Constant name "victoryResult" doesn't conform to UPPER_CASE naming style
tictactoe.py:tictactoe:140: [W0104(pointless-statement), ] Statement seems to have no effect

------------------------------------------------------------------
Your code has been rated at 7.42/10 (previous run: 7.42/10, +0.00)

